2023-12-16 18:16:42|   0.0|  0.0|INFORM|Current FME version: FME 2023.2.0.0 (20231201 - Build 23764 - WIN64)
2023-12-16 18:16:42|   0.0|  0.0|INFORM|System Time: 20231216171642 UTC
2023-12-16 18:16:42|   0.0|  0.0|INFORM|FME_HOME is 'D:\FME\'
2023-12-16 18:16:42|   0.0|  0.0|INFORM|FME for March (node locked-crc)
2023-12-16 18:16:42|   0.0|  0.0|INFORM|Serial Number: 0
2023-12-16 18:16:42|   0.0|  0.0|INFORM|Temporary License: 108 days left.
2023-12-16 18:16:42|   0.0|  0.0|INFORM|Machine host name is: DESKTOP-FM9SSSA
2023-12-16 18:16:42|   0.0|  0.0|INFORM|OS Locale Name     : pl_PL
2023-12-16 18:16:42|   0.0|  0.0|INFORM|OS Locale Encoding : windows-1250
2023-12-16 18:16:42|   0.0|  0.0|INFORM|Process Encoding   : UTF-8
2023-12-16 18:16:42|   0.0|  0.0|INFORM|FME API version: '4.0 20230426'
2023-12-16 18:16:42|   0.0|  0.0|INFORM|FME Configuration: FME_BASE is 'no'
2023-12-16 18:16:42|   0.0|  0.0|INFORM|FME Configuration: FME_MF_DIR is 'C:\Users\Wielki Polak\Documents\FME\Workspaces/'
2023-12-16 18:16:42|   0.0|  0.0|INFORM|FME Configuration: FME_MF_NAME is 'geotiff2filegdb.fmw'
2023-12-16 18:16:42|   0.0|  0.0|INFORM|FME Configuration: FME_PRODUCT_NAME is 'FME(R) 2023.2.0.0'
2023-12-16 18:16:42|   0.0|  0.0|INFORM|Operating System: Microsoft Windows 10 64-bit  (Build 19045)
2023-12-16 18:16:42|   0.0|  0.0|INFORM|FME Platform: WIN64
2023-12-16 18:16:42|   0.0|  0.0|INFORM|System Status: 7.61 GB of disk space available in the FME temporary folder (C:\Users\WIELKI~1\AppData\Local\Temp\wbrun_1702742934051_8616\fmetmp_a)
2023-12-16 18:16:42|   0.0|  0.0|INFORM|System Status: 15.93 GB of physical memory available
2023-12-16 18:16:42|   0.0|  0.0|INFORM|System Status: 63.73 GB of virtual memory available
2023-12-16 18:16:42|   0.0|  0.0|INFORM|START - ProcessID: 23312, peak process memory usage: 43128 kB, current process memory usage: 43128 kB
2023-12-16 18:16:42|   0.0|  0.0|INFORM|FME Configuration: Command line arguments are `D:\FME\fme.exe' `C:\Users\Wielki Polak\Documents\FME\Workspaces\wb-xlate-1702747001223_8616' `LOG_STANDARDOUT' `YES' `LOG_TIMINGS' `YES' `LogCountServerName' `62315' `LOG_STANDARDOUT' `No' `WORKBENCH_LOG_SERVER' `62190'
2023-12-16 18:16:42|   0.0|  0.0|INFORM|FME Configuration: Connection Storage: 'C:\Users\Wielki Polak\AppData\Roaming\Safe Software\FME\'
2023-12-16 18:16:42|   0.0|  0.0|INFORM|Shared folders for formats are : D:\FME\datasources;C:\Users\Wielki Polak\Documents\FME\Formats
2023-12-16 18:16:42|   0.0|  0.0|INFORM|Shared folders for transformers are : C:\Users\Wielki Polak\AppData\Roaming\Safe Software\FME\Packages\23764-win64\transformers;D:\FME\transformers;C:\Users\Wielki Polak\AppData\Roaming\Safe Software\FME\FME Store\Transformers
2023-12-16 18:16:42|   0.0|  0.0|INFORM|Shared folders for coordinate systems are : C:\Users\Wielki Polak\Documents\FME\CoordinateSystems
2023-12-16 18:16:42|   0.0|  0.0|INFORM|Shared folders for coordinate system exceptions are : C:\Users\Wielki Polak\Documents\FME\CoordinateSystemExceptions
2023-12-16 18:16:42|   0.0|  0.0|INFORM|Shared folders for coordinate system grid overrides are : C:\Users\Wielki Polak\Documents\FME\CoordinateSystemGridOverrides
2023-12-16 18:16:42|   0.0|  0.0|INFORM|Shared folders for CS-MAP transformation exceptions are : C:\Users\Wielki Polak\Documents\FME\CsmapTransformationExceptions
2023-12-16 18:16:42|   0.0|  0.0|INFORM|Shared folders for transformer categories are : C:\Users\Wielki Polak\Documents\FME\TransformerCategories
2023-12-16 18:16:42|   0.0|  0.0|INFORM|Mapping File Identifier is: fme_bdp
2023-12-16 18:16:42|   0.0|  0.0|INFORM|FME Configuration: Reader Keyword is `MULTI_READER'
2023-12-16 18:16:42|   0.0|  0.0|INFORM|FME Configuration: Writer Keyword is `PRIMARY_DEST'
2023-12-16 18:16:42|   0.0|  0.0|INFORM|FME Configuration: Writer Group Definition Keyword is `PRIMARY_DEST_DEF'
2023-12-16 18:16:42|   0.0|  0.0|INFORM|FME Configuration: Reader type is `MULTI_READER'
2023-12-16 18:16:42|   0.0|  0.0|INFORM|FME Configuration: Writer type is `MULTI_WRITER'
2023-12-16 18:16:42|   0.0|  0.0|INFORM|FME Configuration: No destination coordinate system set
2023-12-16 18:16:42|   0.0|  0.0|INFORM|FME Configuration: Current working folder is `C:\Users\Wielki Polak\Documents\FME\Workspaces'
2023-12-16 18:16:42|   0.0|  0.0|INFORM|FME Configuration: Temporary folder is `C:\Users\WIELKI~1\AppData\Local\Temp\wbrun_1702742934051_8616\fmetmp_a', set from environment variable `FME_TEMP'
2023-12-16 18:16:42|   0.0|  0.0|INFORM|FME Configuration: Cache folder is 'C:\Users\WIELKI~1\AppData\Local\Temp'
2023-12-16 18:16:42|   0.0|  0.0|INFORM|FME Configuration: FME_HOME is `D:\FME\'
2023-12-16 18:16:42|   0.0|  0.0|INFORM|FME Configuration: Start freeing memory when the process exceeds 47.80 GB
2023-12-16 18:16:42|   0.0|  0.0|INFORM|FME Configuration: Stop freeing memory when the process is below 35.85 GB
2023-12-16 18:16:42|   0.0|  0.0|INFORM|Creating writer for format: 
2023-12-16 18:16:42|   0.0|  0.0|INFORM|Creating reader for format: 
2023-12-16 18:16:42|   0.0|  0.0|INFORM|MULTI_READER(MULTI_READER): Will fail with first member reader failure
2023-12-16 18:16:42|   0.0|  0.0|INFORM|Using Multi Reader with keyword `MULTI_READER' to read multiple datasets
2023-12-16 18:16:42|   0.0|  0.0|INFORM|Using MultiWriter with keyword `PRIMARY_DEST' to output data (ID_ATTRIBUTE is `multi_writer_id')
2023-12-16 18:16:42|   0.0|  0.0|INFORM|Writer output will be ordered by value of multi_writer_id
2023-12-16 18:16:42|   0.0|  0.0|INFORM|Loaded module 'LogCount_func' from file 'D:\FME\plugins/LogCount_func.dll'
2023-12-16 18:16:42|   0.0|  0.0|INFORM|FME API version of module 'LogCount_func' matches current internal version (4.0 20230426)
2023-12-16 18:16:42|   0.0|  0.0|INFORM|Loaded module 'Geometry_func' from file 'D:\FME\plugins/Geometry_func.dll'
2023-12-16 18:16:42|   0.0|  0.0|INFORM|FME API version of module 'Geometry_func' matches current internal version (4.0 20230426)
2023-12-16 18:16:42|   0.0|  0.0|INFORM|Loaded module 'QueryFactory' from file 'D:\FME\plugins/QueryFactory.dll'
2023-12-16 18:16:42|   0.0|  0.0|INFORM|FME API version of module 'QueryFactory' matches current internal version (4.0 20230426)
2023-12-16 18:16:42|   0.0|  0.0|INFORM|Loaded module 'InspectorFactory' from file 'D:\FME\plugins/InspectorFactory.dll'
2023-12-16 18:16:42|   0.0|  0.0|INFORM|FME API version of module 'InspectorFactory' matches current internal version (4.0 20230426)
2023-12-16 18:16:42|   0.0|  0.0|INFORM|Emptying factory pipeline
2023-12-16 18:16:42|   0.0|  0.0|STATS |Router and Unexpected Input Remover (RoutingFactory): Tested 0 input feature(s), wrote 0 output feature(s): 0 matched merge filters, 0 were routed to output, 0 could not be routed.
2023-12-16 18:16:42|   0.0|  0.0|STATS |Unwanted Router Input Nuker (TeeFactory): Cloned 0 input feature(s) into 0 output feature(s)
2023-12-16 18:16:42|   0.0|  0.0|STATS |GEOTIFF_GEOTIFF_1 Splitter (TeeFactory): Cloned 0 input feature(s) into 0 output feature(s)
2023-12-16 18:16:42|   0.0|  0.0|STATS |GEOTIFF_GEOTIFF_2 Splitter (TeeFactory): Cloned 0 input feature(s) into 0 output feature(s)
2023-12-16 18:16:42|   0.0|  0.0|STATS |scotland_and_wales_region_OGCGEOPACKAGE_1 Splitter (TeeFactory): Cloned 0 input feature(s) into 0 output feature(s)
2023-12-16 18:16:42|   0.0|  0.0|INFORM|FME Configuration: Using connection values from 'cw9' for R_1
2023-12-16 18:16:42|   0.0|  0.0|INFORM|Creating reader for format: PostGIS
2023-12-16 18:16:42|   0.2|  0.2|INFORM|Trying to find a DYNAMIC plugin for reader named `POSTGIS'
2023-12-16 18:16:42|   0.2|  0.0|INFORM|Loaded module 'POSTGIS' from file 'D:\FME\plugins/POSTGIS.dll'
2023-12-16 18:16:42|   0.2|  0.0|INFORM|FME API version of module 'POSTGIS' matches current internal version (4.0 20230426)
2023-12-16 18:16:42|   0.2|  0.0|INFORM|Performing query against POSTGIS dataset `cw9'
2023-12-16 18:16:42|   0.2|  0.0|INFORM|Getting schema from query 'CREATE TABLE public."e4" AS SELECT ST_Union(geom) From "public"."GEOTIFF"'. If query has no schema, there may be warnings in the log below that can be safely ignored
2023-12-16 18:16:42|   0.2|  0.0|INFORM|Opening POSTGIS reader for dataset 'cw9'
2023-12-16 18:16:42|   0.2|  0.0|INFORM|PostGIS client encoding: 'UTF8'
2023-12-16 18:16:42|   0.2|  0.0|INFORM|PostgreSQL 15.2, compiled by Visual C++ build 1914, 64-bit
2023-12-16 18:16:42|   0.2|  0.0|INFORM|3.4 USE_GEOS=1 USE_PROJ=1 USE_STATS=1
2023-12-16 18:16:42|   0.2|  0.0|INFORM|POSTGIS reader: Creating bulk features from individual features
2023-12-16 18:16:42|   0.2|  0.0|INFORM|Executing custom data query: 'CREATE TABLE public."e4" AS SELECT ST_Union(geom) From "public"."GEOTIFF"'
2023-12-16 18:16:42|   0.2|  0.0|STATS |Creator_XML_Creator (CreationFactory): Created 1 features
2023-12-16 18:16:42|   0.2|  0.0|STATS |Creator_Cloner (TeeFactory): Cloned 1 input feature(s) into 1 output feature(s)
2023-12-16 18:16:42|   0.2|  0.0|STATS |Creator_CREATED Brancher -1 50 (BranchingFactory): Branched 1 input feature -- 1 feature routed to the target factory, and 0 features routed to the fallback factory.
2023-12-16 18:16:42|   0.2|  0.0|STATS |_CREATOR_BRANCH_TARGET (TeeFactory): Cloned 1 input feature(s) into 1 output feature(s)
2023-12-16 18:16:42|   0.2|  0.0|INFORM|Successfully closed POSTGIS database reader
2023-12-16 18:16:42|   0.2|  0.0|INFORM|Successfully closed POSTGIS database reader
2023-12-16 18:16:42|   0.2|  0.0|STATS |Destination Feature Type Routing Correlator (RoutingFactory): Tested 0 input feature(s), wrote 0 output feature(s): 0 matched merge filters, 0 were routed to output, 0 could not be routed.
2023-12-16 18:16:42|   0.2|  0.0|STATS |Final Output Nuker (TeeFactory): Cloned 0 input feature(s) into 0 output feature(s)
2023-12-16 18:16:42|   0.2|  0.0|STATS |VisualizerProcessor (CreationFactory): Created 1 features
2023-12-16 18:16:42|   0.2|  0.0|STATS |VisualizerCleaner (TeeFactory): Cloned 1 input feature(s) into 0 output feature(s)
2023-12-16 18:16:42|   0.2|  0.0|STATS |=-=-=-=-=-=-=-=-=-=-=-=-=-=-=-=-=-=-=-=-=-=-=-=-=-=-=-=-=-=-=-=-=-=-=-=-=-=-=-
2023-12-16 18:16:42|   0.2|  0.0|STATS |                            Features Read Summary
2023-12-16 18:16:42|   0.2|  0.0|STATS |=-=-=-=-=-=-=-=-=-=-=-=-=-=-=-=-=-=-=-=-=-=-=-=-=-=-=-=-=-=-=-=-=-=-=-=-=-=-=-
2023-12-16 18:16:42|   0.2|  0.0|STATS |==============================================================================
2023-12-16 18:16:42|   0.2|  0.0|STATS |Total Features Read                                                          0
2023-12-16 18:16:42|   0.2|  0.0|STATS |=-=-=-=-=-=-=-=-=-=-=-=-=-=-=-=-=-=-=-=-=-=-=-=-=-=-=-=-=-=-=-=-=-=-=-=-=-=-=-
2023-12-16 18:16:42|   0.2|  0.0|STATS |=-=-=-=-=-=-=-=-=-=-=-=-=-=-=-=-=-=-=-=-=-=-=-=-=-=-=-=-=-=-=-=-=-=-=-=-=-=-=-
2023-12-16 18:16:42|   0.2|  0.0|STATS |                           Features Written Summary
2023-12-16 18:16:42|   0.2|  0.0|STATS |=-=-=-=-=-=-=-=-=-=-=-=-=-=-=-=-=-=-=-=-=-=-=-=-=-=-=-=-=-=-=-=-=-=-=-=-=-=-=-
2023-12-16 18:16:42|   0.2|  0.0|STATS |==============================================================================
2023-12-16 18:16:42|   0.2|  0.0|STATS |Total Features Written                                                       0
2023-12-16 18:16:42|   0.2|  0.0|STATS |=-=-=-=-=-=-=-=-=-=-=-=-=-=-=-=-=-=-=-=-=-=-=-=-=-=-=-=-=-=-=-=-=-=-=-=-=-=-=-
2023-12-16 18:16:42|   0.2|  0.0|WARN  |-~-~-~-~-~-~-~-~-~-~-~-~-~-~-~-~-~-~-~-~-~-~-~-~-~-~-~-~-~-~-~-~-~-~-~-~-~-~-~-~-
2023-12-16 18:16:42|   0.2|  0.0|WARN  |-~                                                                             ~-
2023-12-16 18:16:42|   0.2|  0.0|WARN  |-~    Feature caches have been recorded at every stage of the translation.     ~-
2023-12-16 18:16:42|   0.2|  0.0|WARN  |-~                      To inspect the recorded features,                      ~-
2023-12-16 18:16:42|   0.2|  0.0|WARN  |-~              click the feature cache icons next to the ports.               ~-
2023-12-16 18:16:42|   0.2|  0.0|WARN  |-~                                                                             ~-
2023-12-16 18:16:42|   0.2|  0.0|WARN  |-~-~-~-~-~-~-~-~-~-~-~-~-~-~-~-~-~-~-~-~-~-~-~-~-~-~-~-~-~-~-~-~-~-~-~-~-~-~-~-~-
2023-12-16 18:16:42|   0.2|  0.0|INFORM|Translation was SUCCESSFUL with 7 warning(s) (0 feature(s) output)
2023-12-16 18:16:42|   0.2|  0.0|INFORM|FME Session Duration: 0.8 seconds. (CPU: 0.1s user, 0.1s system)
2023-12-16 18:16:42|   0.2|  0.0|INFORM|END - ProcessID: 23312, peak process memory usage: 59192 kB, current process memory usage: 59132 kB
